e:\project\bbrobot_visualgdb\bblib_visualgdb\visualgdb\debug\blackadc.o
e:\project\bbrobot_visualgdb\bblib_visualgdb\visualgdb\debug\blackcore.o
e:\project\bbrobot_visualgdb\bblib_visualgdb\visualgdb\debug\blackdirectory.o
e:\project\bbrobot_visualgdb\bblib_visualgdb\visualgdb\debug\blackgpio.o
e:\project\bbrobot_visualgdb\bblib_visualgdb\visualgdb\debug\blacki2c.o
e:\project\bbrobot_visualgdb\bblib_visualgdb\visualgdb\debug\blackmutex.o
e:\project\bbrobot_visualgdb\bblib_visualgdb\visualgdb\debug\blackpwm.o
e:\project\bbrobot_visualgdb\bblib_visualgdb\visualgdb\debug\blackservo.o
e:\project\bbrobot_visualgdb\bblib_visualgdb\visualgdb\debug\blackspi.o
e:\project\bbrobot_visualgdb\bblib_visualgdb\visualgdb\debug\blackthread.o
e:\project\bbrobot_visualgdb\bblib_visualgdb\visualgdb\debug\blacktime.o
e:\project\bbrobot_visualgdb\bblib_visualgdb\visualgdb\debug\blackuart.o
e:\project\bbrobot_visualgdb\bblib_visualgdb\visualgdb\debug\main.o
e:\project\bbrobot_visualgdb\bblib_visualgdb\visualgdb\debug\blackadc.dep
e:\project\bbrobot_visualgdb\bblib_visualgdb\visualgdb\debug\blackcore.dep
e:\project\bbrobot_visualgdb\bblib_visualgdb\visualgdb\debug\blackdirectory.dep
e:\project\bbrobot_visualgdb\bblib_visualgdb\visualgdb\debug\blackgpio.dep
e:\project\bbrobot_visualgdb\bblib_visualgdb\visualgdb\debug\blacki2c.dep
e:\project\bbrobot_visualgdb\bblib_visualgdb\visualgdb\debug\blackmutex.dep
e:\project\bbrobot_visualgdb\bblib_visualgdb\visualgdb\debug\blackpwm.dep
e:\project\bbrobot_visualgdb\bblib_visualgdb\visualgdb\debug\blackservo.dep
e:\project\bbrobot_visualgdb\bblib_visualgdb\visualgdb\debug\blackspi.dep
e:\project\bbrobot_visualgdb\bblib_visualgdb\visualgdb\debug\blackthread.dep
e:\project\bbrobot_visualgdb\bblib_visualgdb\visualgdb\debug\blacktime.dep
e:\project\bbrobot_visualgdb\bblib_visualgdb\visualgdb\debug\blackuart.dep
e:\project\bbrobot_visualgdb\bblib_visualgdb\visualgdb\debug\main.dep
e:\project\bbrobot_visualgdb\bblib_visualgdb\visualgdb\debug\blackadc.gcc.rsp
e:\project\bbrobot_visualgdb\bblib_visualgdb\visualgdb\debug\blackcore.gcc.rsp
e:\project\bbrobot_visualgdb\bblib_visualgdb\visualgdb\debug\blackdirectory.gcc.rsp
e:\project\bbrobot_visualgdb\bblib_visualgdb\visualgdb\debug\blackgpio.gcc.rsp
e:\project\bbrobot_visualgdb\bblib_visualgdb\visualgdb\debug\blacki2c.gcc.rsp
e:\project\bbrobot_visualgdb\bblib_visualgdb\visualgdb\debug\blackmutex.gcc.rsp
e:\project\bbrobot_visualgdb\bblib_visualgdb\visualgdb\debug\blackpwm.gcc.rsp
e:\project\bbrobot_visualgdb\bblib_visualgdb\visualgdb\debug\blackservo.gcc.rsp
e:\project\bbrobot_visualgdb\bblib_visualgdb\visualgdb\debug\blackspi.gcc.rsp
e:\project\bbrobot_visualgdb\bblib_visualgdb\visualgdb\debug\blackthread.gcc.rsp
e:\project\bbrobot_visualgdb\bblib_visualgdb\visualgdb\debug\blacktime.gcc.rsp
e:\project\bbrobot_visualgdb\bblib_visualgdb\visualgdb\debug\blackuart.gcc.rsp
e:\project\bbrobot_visualgdb\bblib_visualgdb\visualgdb\debug\main.gcc.rsp
e:\project\bbrobot_visualgdb\bblib_visualgdb\visualgdb\debug\bblib_visualgdb.alldeps
